  Context.cpp
  CourseSystem.cpp
  AddStudentCommand.cpp
  AddTeacherCommand.cpp
  AddToCourseCommand.cpp
  AssignHomeworkCommand.cpp
  ChangePasswordCommand.cpp
D:\ФМИ\CourseSystem\CourseSystem\source\commands\ChangePasswordCommand.cpp(40,16): warning C4244: 'initializing': conversion from 'std::streamoff' to 'int', possible loss of data
  ClearMailboxCommand.cpp
  Command.cpp
  CommandFactory.cpp
  CreateCourseCommand.cpp
  EnrollCommand.cpp
  GradeAssignmentCommand.cpp
  LoginCommand.cpp
  LogoutCommand.cpp
  MailboxCommand.cpp
  MessageAllCommand.cpp
D:\ФМИ\CourseSystem\CourseSystem\source\commands\MessageAllCommand.cpp(32,34): warning C4267: 'argument': conversion from 'size_t' to 'int', possible loss of data
D:\ФМИ\CourseSystem\CourseSystem\source\commands\MessageAllCommand.cpp(72,34): warning C4267: 'argument': conversion from 'size_t' to 'int', possible loss of data
  MessageStudentsCommand.cpp
D:\ФМИ\CourseSystem\CourseSystem\source\commands\MessageStudentsCommand.cpp(34,34): warning C4267: 'argument': conversion from 'size_t' to 'int', possible loss of data
D:\ФМИ\CourseSystem\CourseSystem\source\commands\MessageStudentsCommand.cpp(35,59): warning C4267: 'argument': conversion from 'size_t' to 'int', possible loss of data
  MessageUserCommand.cpp
  SubmitAssignmentCommand.cpp
  Generating Code...
  Compiling...
  ViewAssignmentsCommand.cpp
  ViewGradesCommand.cpp
  ViewSubmissionsCommand.cpp
  Course.cpp
  Admin.cpp
  Student.cpp
  Teacher.cpp
  UserFactory.cpp
  UserRepository.cpp
D:\ФМИ\CourseSystem\CourseSystem\source\users\UserRepository.cpp(76,11): warning C4267: 'return': conversion from 'size_t' to 'int', possible loss of data
  Generating Code...
  CourseSystem.vcxproj -> D:\ФМИ\CourseSystem\x64\Debug\CourseSystem.exe
